2019-11-23T11:06:18.520Z Warning: -version is not a heroku command.
2019-11-23T11:06:18.520Z     at Object.warn (/usr/lib/heroku/node_modules/@oclif/errors/lib/index.js:33:15)
2019-11-23T11:06:18.520Z     at Object.warn (/usr/lib/heroku/node_modules/@oclif/config/lib/config.js:115:42)
2019-11-23T11:06:18.520Z     at Object.hook (/usr/lib/heroku/node_modules/@oclif/plugin-not-found/lib/index.js:25:10)
2019-11-23T11:06:18.520Z     at async /usr/lib/heroku/node_modules/@oclif/config/lib/config.js:129:21
2019-11-23T11:06:18.520Z     at async Promise.all (index 0)
2019-11-23T11:06:18.520Z     at async Promise.all (index 33)
2019-11-23T11:06:18.520Z     at async Config.runHook (/usr/lib/heroku/node_modules/@oclif/config/lib/config.js:139:9)
2019-11-23T11:06:18.520Z     at async Config.runCommand (/usr/lib/heroku/node_modules/@oclif/config/lib/config.js:146:13)
2019-11-23T11:06:18.520Z     at async Main.run (/usr/lib/heroku/node_modules/@oclif/command/lib/main.js:21:9)
2019-11-23T11:06:18.520Z     at async Main._run (/usr/lib/heroku/node_modules/@oclif/command/lib/command.js:44:20)
2020/02/10 12:53:41 Error: Expected response to be successful, got 422
    at Request.handleFailure [as _handleFailure] (/usr/lib/heroku/node_modules/heroku-client/lib/request.js:255:11)
    at Request.<anonymous> (/usr/lib/heroku/node_modules/heroku-cli-util/lib/command.js:56:12)
    at /usr/lib/heroku/node_modules/heroku-client/lib/request.js:148:16
    at processTicksAndRejections (internal/process/task_queues.js:93:5)
2020/02/10 12:53:41 {"id":"invalid_params","message":"Name must start with a letter, end with a letter or digit and can only contain lowercase letters, digits, and dashes."}
2020-02-10T13:03:06.852Z Error: Missing required flag:
2020-02-10T13:03:06.852Z  -a, --app APP  app to run command against
2020-02-10T13:03:06.852Z See more help with --help
2020-02-10T13:03:06.852Z     at validateFlags (/usr/lib/heroku/node_modules/@oclif/parser/lib/validate.js:53:27)
2020-02-10T13:03:06.852Z     at Object.validate (/usr/lib/heroku/node_modules/@oclif/parser/lib/validate.js:58:5)
2020-02-10T13:03:06.852Z     at Object.parse (/usr/lib/heroku/node_modules/@oclif/parser/lib/index.js:26:7)
2020-02-10T13:03:06.852Z     at Set.parse (/usr/lib/heroku/node_modules/@oclif/command/lib/command.js:83:41)
2020-02-10T13:03:06.852Z     at Set.run (/usr/lib/heroku/node_modules/@heroku-cli/plugin-buildpacks/lib/commands/buildpacks/set.js:7:36)
2020-02-10T13:03:06.852Z     at Set._run (/usr/lib/heroku/node_modules/@oclif/command/lib/command.js:44:31)
2020-02-10T13:07:01.865Z Error: Invalid credentials provided.
2020-02-10T13:07:01.865Z Error ID: unauthorized
2020-02-10T13:07:01.865Z     at Login.login (/usr/lib/heroku/node_modules/@heroku-cli/command/lib/login.js:74:19)
2020/02/11 03:11:09 Error: Error opening web browser.
Error: Exited with code 3

Manually visit https://quiet-refuge-09702.herokuapp.com/ in your browser.
    at /usr/lib/heroku/node_modules/heroku-cli-util/lib/open.js:12:16
    at ChildProcess.<anonymous> (/usr/lib/heroku/node_modules/opn/index.js:86:5)
    at Object.onceWrapper (events.js:300:26)
    at ChildProcess.emit (events.js:210:5)
    at maybeClose (internal/child_process.js:1021:16)
    at Process.ChildProcess._handle.onexit (internal/child_process.js:283:5)
2020/02/11 04:10:47 Error: Expected response to be successful, got 422
    at Request.handleFailure [as _handleFailure] (/usr/lib/heroku/node_modules/heroku-client/lib/request.js:255:11)
    at Request.<anonymous> (/usr/lib/heroku/node_modules/heroku-cli-util/lib/command.js:56:12)
    at /usr/lib/heroku/node_modules/heroku-client/lib/request.js:148:16
    at processTicksAndRejections (internal/process/task_queues.js:93:5)
2020/02/11 04:10:47 {"id":"invalid_params","message":"You've reached the limit of 5 apps for unverified accounts. Delete some apps or add a credit card to verify your account."}
2020-02-11T04:11:50.472Z Error: Missing required flag:
2020-02-11T04:11:50.472Z  -a, --app APP  app to run command against
2020-02-11T04:11:50.472Z See more help with --help
2020-02-11T04:11:50.472Z     at validateFlags (/usr/lib/heroku/node_modules/@oclif/parser/lib/validate.js:53:27)
2020-02-11T04:11:50.472Z     at Object.validate (/usr/lib/heroku/node_modules/@oclif/parser/lib/validate.js:58:5)
2020-02-11T04:11:50.472Z     at Object.parse (/usr/lib/heroku/node_modules/@oclif/parser/lib/index.js:26:7)
2020-02-11T04:11:50.472Z     at Set.parse (/usr/lib/heroku/node_modules/@oclif/command/lib/command.js:83:41)
2020-02-11T04:11:50.472Z     at Set.run (/usr/lib/heroku/node_modules/@heroku-cli/plugin-buildpacks/lib/commands/buildpacks/set.js:7:36)
2020-02-11T04:11:50.472Z     at Set._run (/usr/lib/heroku/node_modules/@oclif/command/lib/command.js:44:31)
2020-02-11T05:34:25.710Z Error: Couldn't find that app.
2020-02-11T05:34:25.710Z Error ID: not_found
2020-02-11T05:34:25.710Z     at Function.request (/usr/lib/heroku/node_modules/@heroku-cli/command/lib/api-client.js:93:27)
